{"logLevel":"debug","message":"multithreading is set to false"}
{"logLevel":"debug","message":"Using reflection to scan dependencies for gauge implementations..."}
log4j:WARN No appenders could be found for logger (io.grpc.netty.shaded.io.netty.util.internal.logging.InternalLoggerFactory).
log4j:WARN Please initialize the log4j system properly.
log4j:WARN See http://logging.apache.org/log4j/1.2/faq.html#noconfig for more info.
{"logLevel":"debug","message":"gauge-java took 847milliseconds to load and scan. This should be less than 'runner_connection_timeout' config value."}
{"logLevel":"debug","message":"run 'gauge config runner_connection_timeout' and verify that it is < 847"}
{"logLevel":"debug","message":"starting gRPC server..."}
{"logLevel":"debug","message":"started gRPC server on port 50173"}
{"logLevel":"info","message":"Listening on port:50173"}
{"logLevel":"debug","message":"Scanning packages for steps"}
{"logLevel":"debug","message":"Comparing 'BasePage.urunDetay' and 'BasePage.urunDetay'"}
{"logLevel":"debug","message":"Found id{} urun detay kontrolü in current project scope."}
{"logLevel":"debug","message":"Comparing 'BasePage.girisKontrol' and 'BasePage.girisKontrol'"}
{"logLevel":"debug","message":"Found id{} giris kontrolü in current project scope."}
{"logLevel":"debug","message":"Comparing 'BasePage.kullaniciAdi' and 'BasePage.kullaniciAdi'"}
{"logLevel":"debug","message":"Found {} id'li elemente {} mail adresi girme in current project scope."}
{"logLevel":"debug","message":"Comparing 'BasePage.kullaniciSifre' and 'BasePage.kullaniciSifre'"}
{"logLevel":"debug","message":"Found {} 'li elemente {} sifre girme in current project scope."}
{"logLevel":"debug","message":"Comparing 'BasePage.scrollEt' and 'BasePage.scrollEt'"}
{"logLevel":"debug","message":"Found scroll et in current project scope."}
{"logLevel":"debug","message":"Comparing 'BasePage.checkText' and 'BasePage.checkText'"}
{"logLevel":"debug","message":"Found id{} li elementi kontrol et in current project scope."}
{"logLevel":"debug","message":"Comparing 'BasePage.clickBypantolon' and 'BasePage.clickBypantolon'"}
{"logLevel":"debug","message":"Found xpath{} pantolon kategorisine tıkla in current project scope."}
{"logLevel":"debug","message":"Comparing 'BasePage.favorilereEkle' and 'BasePage.favorilereEkle'"}
{"logLevel":"debug","message":"Found xpath {} favoriye ekle in current project scope."}
{"logLevel":"debug","message":"Comparing 'BasePage.clickBygeri' and 'BasePage.clickBygeri'"}
{"logLevel":"debug","message":"Found id{} geri tusuna tıkla in current project scope."}
{"logLevel":"debug","message":"Comparing 'BasePage.clickById' and 'BasePage.clickById'"}
{"logLevel":"debug","message":"Found id{} li elemente tıkla in current project scope."}
{"logLevel":"debug","message":"Comparing 'BasePage.selectRandomproduct' and 'BasePage.selectRandomproduct'"}
{"logLevel":"debug","message":"Found Rastgele bir ürün seçme in current project scope."}
{"logLevel":"debug","message":"Comparing 'BasePage.AddToCart' and 'BasePage.AddToCart'"}
{"logLevel":"debug","message":"Found {} sepete ekleme yap in current project scope."}
{"logLevel":"debug","message":"Comparing 'BasePage.checkText1' and 'BasePage.checkText1'"}
{"logLevel":"debug","message":"Found id{} li elementli kontrol et in current project scope."}
{"logLevel":"debug","message":"Comparing 'BasePage.clickBykadın' and 'BasePage.clickBykadın'"}
{"logLevel":"debug","message":"Found xpath{} kadın kategorisine tıkla in current project scope."}
{"logLevel":"debug","message":"Comparing 'BasePage.waitForSeconds' and 'BasePage.waitForSeconds'"}
{"logLevel":"debug","message":"Found {} saniye kadar bekle in current project scope."}
{"logLevel":"debug","message":"Comparing 'BasePage.clickBykategori' and 'BasePage.clickBykategori'"}
{"logLevel":"debug","message":"Found id{} kategoriye tıkla in current project scope."}
{"logLevel":"debug","message":"Scanning packages for hooks"}
{"logLevel":"debug","message":"Scanned steps (using static parsing + reflections): "}
{"logLevel":"debug","message":"\tid{} li elementli kontrol et : public void checkText1(String id)"}
{"logLevel":"debug","message":"\txpath {} favoriye ekle : public void favorilereEkle(String xpath)"}
{"logLevel":"debug","message":"\tscroll et : public void scrollEt()"}
{"logLevel":"debug","message":"\txpath{} pantolon kategorisine tıkla : public void clickBypantolon(String xpath)"}
{"logLevel":"debug","message":"\t{} 'li elemente {} sifre girme : public void kullaniciSifre(String sifreId, String sifreText)"}
{"logLevel":"debug","message":"\tRastgele bir ürün seçme : public void selectRandomproduct()"}
{"logLevel":"debug","message":"\tid{} urun detay kontrolü : public void urunDetay(String id)"}
{"logLevel":"debug","message":"\tid{} geri tusuna tıkla : public void clickBygeri(String id)"}
{"logLevel":"debug","message":"\txpath{} kadın kategorisine tıkla : public void clickBykadın(String xpath)"}
{"logLevel":"debug","message":"\tid{} giris kontrolü : public void girisKontrol(String id)"}
{"logLevel":"debug","message":"\t{} id'li elemente {} mail adresi girme : public void kullaniciAdi(String mailId, String mailText)"}
{"logLevel":"debug","message":"\tid{} li elementi kontrol et : public void checkText(String id)"}
{"logLevel":"debug","message":"\tid{} kategoriye tıkla : public void clickBykategori(String id)"}
{"logLevel":"debug","message":"\tid{} li elemente tıkla : public void clickById(String id)"}
{"logLevel":"debug","message":"\t{} sepete ekleme yap : public void AddToCart(String sepetId)"}
{"logLevel":"debug","message":"\t{} saniye kadar bekle : public void waitForSeconds(ınt wait) throws InterruptedException"}
Feb 28, 2022 5:45:11 PM BaseTest Education
INFO: Android testi başlıyor
Feb 28, 2022 5:45:23 PM io.appium.java_client.remote.AppiumCommandExecutor$1 lambda$0
INFO: Detected dialect: W3C
{"logLevel":"debug","message":"Executing '{} saniye kadar bekle' using 'class BasePage.waitForSeconds"}
{"logLevel":"debug","message":"Executing 'id{} li elementi kontrol et' using 'class BasePage.checkText"}
{"logLevel":"debug","message":"Executing '{} saniye kadar bekle' using 'class BasePage.waitForSeconds"}
{"logLevel":"debug","message":"Executing 'id{} li elemente tıkla' using 'class BasePage.clickById"}
{"logLevel":"debug","message":"Executing '{} saniye kadar bekle' using 'class BasePage.waitForSeconds"}
{"logLevel":"debug","message":"Executing 'id{} li elementli kontrol et' using 'class BasePage.checkText1"}
{"logLevel":"debug","message":"Executing '{} saniye kadar bekle' using 'class BasePage.waitForSeconds"}
{"logLevel":"debug","message":"Executing 'id{} kategoriye tıkla' using 'class BasePage.clickBykategori"}
{"logLevel":"debug","message":"Executing '{} saniye kadar bekle' using 'class BasePage.waitForSeconds"}
{"logLevel":"debug","message":"Executing 'xpath{} kadın kategorisine tıkla' using 'class BasePage.clickBykadın"}
{"logLevel":"debug","message":"Executing '{} saniye kadar bekle' using 'class BasePage.waitForSeconds"}
{"logLevel":"debug","message":"Executing 'xpath{} pantolon kategorisine tıkla' using 'class BasePage.clickBypantolon"}
{"logLevel":"debug","message":"Executing '{} saniye kadar bekle' using 'class BasePage.waitForSeconds"}
{"logLevel":"debug","message":"Executing 'scroll et' using 'class BasePage.scrollEt"}
{"logLevel":"debug","message":"Executing '{} saniye kadar bekle' using 'class BasePage.waitForSeconds"}
{"logLevel":"debug","message":"Executing 'scroll et' using 'class BasePage.scrollEt"}
{"logLevel":"debug","message":"Executing '{} saniye kadar bekle' using 'class BasePage.waitForSeconds"}
{"logLevel":"debug","message":"Executing 'Rastgele bir ürün seçme' using 'class BasePage.selectRandomproduct"}
randomUrunSecme[[[io.appium.java_client.android.AndroidDriver, Capabilities: {appActivity=com.ozdilek.ozdilekteyim.MainActivity, appPackage=com.ozdilek.ozdilekteyim, databaseEnabled=false, desired={platformName=android, appActivity=com.ozdilek.ozdilekteyim.MainActivity, appPackage=com.ozdilek.ozdilekteyim, deviceName=emulator-5554, newCommandTimeout=3000}, deviceApiLevel=27, deviceManufacturer=Google, deviceModel=Android SDK built for x86, deviceName=emulator-5554, deviceScreenDensity=440, deviceScreenSize=1080x2280, deviceUDID=emulator-5554, javascriptEnabled=true, locationContextEnabled=false, networkConnectionEnabled=true, newCommandTimeout=3000, pixelRatio=2.75, platform=LINUX, platformName=Android, platformVersion=8.1.0, statBarHeight=66, takesScreenshot=true, viewportRect={left=0, top=66, width=1080, height=2082}, warnings={}, webStorageEnabled=false}] -> xpath: //*[@resource-id='com.ozdilek.ozdilekteyim:id/imageView']], [[io.appium.java_client.android.AndroidDriver, Capabilities: {appActivity=com.ozdilek.ozdilekteyim.MainActivity, appPackage=com.ozdilek.ozdilekteyim, databaseEnabled=false, desired={platformName=android, appActivity=com.ozdilek.ozdilekteyim.MainActivity, appPackage=com.ozdilek.ozdilekteyim, deviceName=emulator-5554, newCommandTimeout=3000}, deviceApiLevel=27, deviceManufacturer=Google, deviceModel=Android SDK built for x86, deviceName=emulator-5554, deviceScreenDensity=440, deviceScreenSize=1080x2280, deviceUDID=emulator-5554, javascriptEnabled=true, locationContextEnabled=false, networkConnectionEnabled=true, newCommandTimeout=3000, pixelRatio=2.75, platform=LINUX, platformName=Android, platformVersion=8.1.0, statBarHeight=66, takesScreenshot=true, viewportRect={left=0, top=66, width=1080, height=2082}, warnings={}, webStorageEnabled=false}] -> xpath: //*[@resource-id='com.ozdilek.ozdilekteyim:id/imageView']], [[io.appium.java_client.android.AndroidDriver, Capabilities: {appActivity=com.ozdilek.ozdilekteyim.MainActivity, appPackage=com.ozdilek.ozdilekteyim, databaseEnabled=false, desired={platformName=android, appActivity=com.ozdilek.ozdilekteyim.MainActivity, appPackage=com.ozdilek.ozdilekteyim, deviceName=emulator-5554, newCommandTimeout=3000}, deviceApiLevel=27, deviceManufacturer=Google, deviceModel=Android SDK built for x86, deviceName=emulator-5554, deviceScreenDensity=440, deviceScreenSize=1080x2280, deviceUDID=emulator-5554, javascriptEnabled=true, locationContextEnabled=false, networkConnectionEnabled=true, newCommandTimeout=3000, pixelRatio=2.75, platform=LINUX, platformName=Android, platformVersion=8.1.0, statBarHeight=66, takesScreenshot=true, viewportRect={left=0, top=66, width=1080, height=2082}, warnings={}, webStorageEnabled=false}] -> xpath: //*[@resource-id='com.ozdilek.ozdilekteyim:id/imageView']], [[io.appium.java_client.android.AndroidDriver, Capabilities: {appActivity=com.ozdilek.ozdilekteyim.MainActivity, appPackage=com.ozdilek.ozdilekteyim, databaseEnabled=false, desired={platformName=android, appActivity=com.ozdilek.ozdilekteyim.MainActivity, appPackage=com.ozdilek.ozdilekteyim, deviceName=emulator-5554, newCommandTimeout=3000}, deviceApiLevel=27, deviceManufacturer=Google, deviceModel=Android SDK built for x86, deviceName=emulator-5554, deviceScreenDensity=440, deviceScreenSize=1080x2280, deviceUDID=emulator-5554, javascriptEnabled=true, locationContextEnabled=false, networkConnectionEnabled=true, newCommandTimeout=3000, pixelRatio=2.75, platform=LINUX, platformName=Android, platformVersion=8.1.0, statBarHeight=66, takesScreenshot=true, viewportRect={left=0, top=66, width=1080, height=2082}, warnings={}, webStorageEnabled=false}] -> xpath: //*[@resource-id='com.ozdilek.ozdilekteyim:id/imageView']], [[io.appium.java_client.android.AndroidDriver, Capabilities: {appActivity=com.ozdilek.ozdilekteyim.MainActivity, appPackage=com.ozdilek.ozdilekteyim, databaseEnabled=false, desired={platformName=android, appActivity=com.ozdilek.ozdilekteyim.MainActivity, appPackage=com.ozdilek.ozdilekteyim, deviceName=emulator-5554, newCommandTimeout=3000}, deviceApiLevel=27, deviceManufacturer=Google, deviceModel=Android SDK built for x86, deviceName=emulator-5554, deviceScreenDensity=440, deviceScreenSize=1080x2280, deviceUDID=emulator-5554, javascriptEnabled=true, locationContextEnabled=false, networkConnectionEnabled=true, newCommandTimeout=3000, pixelRatio=2.75, platform=LINUX, platformName=Android, platformVersion=8.1.0, statBarHeight=66, takesScreenshot=true, viewportRect={left=0, top=66, width=1080, height=2082}, warnings={}, webStorageEnabled=false}] -> xpath: //*[@resource-id='com.ozdilek.ozdilekteyim:id/imageView']], [[io.appium.java_client.android.AndroidDriver, Capabilities: {appActivity=com.ozdilek.ozdilekteyim.MainActivity, appPackage=com.ozdilek.ozdilekteyim, databaseEnabled=false, desired={platformName=android, appActivity=com.ozdilek.ozdilekteyim.MainActivity, appPackage=com.ozdilek.ozdilekteyim, deviceName=emulator-5554, newCommandTimeout=3000}, deviceApiLevel=27, deviceManufacturer=Google, deviceModel=Android SDK built for x86, deviceName=emulator-5554, deviceScreenDensity=440, deviceScreenSize=1080x2280, deviceUDID=emulator-5554, javascriptEnabled=true, locationContextEnabled=false, networkConnectionEnabled=true, newCommandTimeout=3000, pixelRatio=2.75, platform=LINUX, platformName=Android, platformVersion=8.1.0, statBarHeight=66, takesScreenshot=true, viewportRect={left=0, top=66, width=1080, height=2082}, warnings={}, webStorageEnabled=false}] -> xpath: //*[@resource-id='com.ozdilek.ozdilekteyim:id/imageView']]]
element[[io.appium.java_client.android.AndroidDriver, Capabilities: {appActivity=com.ozdilek.ozdilekteyim.MainActivity, appPackage=com.ozdilek.ozdilekteyim, databaseEnabled=false, desired={platformName=android, appActivity=com.ozdilek.ozdilekteyim.MainActivity, appPackage=com.ozdilek.ozdilekteyim, deviceName=emulator-5554, newCommandTimeout=3000}, deviceApiLevel=27, deviceManufacturer=Google, deviceModel=Android SDK built for x86, deviceName=emulator-5554, deviceScreenDensity=440, deviceScreenSize=1080x2280, deviceUDID=emulator-5554, javascriptEnabled=true, locationContextEnabled=false, networkConnectionEnabled=true, newCommandTimeout=3000, pixelRatio=2.75, platform=LINUX, platformName=Android, platformVersion=8.1.0, statBarHeight=66, takesScreenshot=true, viewportRect={left=0, top=66, width=1080, height=2082}, warnings={}, webStorageEnabled=false}] -> xpath: //*[@resource-id='com.ozdilek.ozdilekteyim:id/imageView']]
{"logLevel":"debug","message":"Executing '{} saniye kadar bekle' using 'class BasePage.waitForSeconds"}
{"logLevel":"debug","message":"Executing 'id{} urun detay kontrolü' using 'class BasePage.urunDetay"}
{"logLevel":"debug","message":"Executing '{} saniye kadar bekle' using 'class BasePage.waitForSeconds"}
{"logLevel":"debug","message":"Executing 'xpath {} favoriye ekle' using 'class BasePage.favorilereEkle"}
favorilere eklendi
{"logLevel":"debug","message":"Executing '{} saniye kadar bekle' using 'class BasePage.waitForSeconds"}
{"logLevel":"debug","message":"Executing 'id{} giris kontrolü' using 'class BasePage.girisKontrol"}
{"logLevel":"debug","message":"Executing '{} saniye kadar bekle' using 'class BasePage.waitForSeconds"}
{"logLevel":"debug","message":"Executing '{} id'li elemente {} mail adresi girme' using 'class BasePage.kullaniciAdi"}
{"logLevel":"debug","message":"Executing '{} saniye kadar bekle' using 'class BasePage.waitForSeconds"}
{"logLevel":"debug","message":"Executing '{} 'li elemente {} sifre girme' using 'class BasePage.kullaniciSifre"}
{"logLevel":"debug","message":"Executing '{} saniye kadar bekle' using 'class BasePage.waitForSeconds"}
{"logLevel":"debug","message":"Executing 'id{} geri tusuna tıkla' using 'class BasePage.clickBygeri"}
{"logLevel":"debug","message":"Executing '{} saniye kadar bekle' using 'class BasePage.waitForSeconds"}
{"logLevel":"debug","message":"Executing 'id{} geri tusuna tıkla' using 'class BasePage.clickBygeri"}
{"logLevel":"debug","message":"Executing '{} saniye kadar bekle' using 'class BasePage.waitForSeconds"}
{"logLevel":"debug","message":"Executing 'Rastgele bir ürün seçme' using 'class BasePage.selectRandomproduct"}
randomUrunSecme[[[io.appium.java_client.android.AndroidDriver, Capabilities: {appActivity=com.ozdilek.ozdilekteyim.MainActivity, appPackage=com.ozdilek.ozdilekteyim, databaseEnabled=false, desired={platformName=android, appActivity=com.ozdilek.ozdilekteyim.MainActivity, appPackage=com.ozdilek.ozdilekteyim, deviceName=emulator-5554, newCommandTimeout=3000}, deviceApiLevel=27, deviceManufacturer=Google, deviceModel=Android SDK built for x86, deviceName=emulator-5554, deviceScreenDensity=440, deviceScreenSize=1080x2280, deviceUDID=emulator-5554, javascriptEnabled=true, locationContextEnabled=false, networkConnectionEnabled=true, newCommandTimeout=3000, pixelRatio=2.75, platform=LINUX, platformName=Android, platformVersion=8.1.0, statBarHeight=66, takesScreenshot=true, viewportRect={left=0, top=66, width=1080, height=2082}, warnings={}, webStorageEnabled=false}] -> xpath: //*[@resource-id='com.ozdilek.ozdilekteyim:id/imageView']], [[io.appium.java_client.android.AndroidDriver, Capabilities: {appActivity=com.ozdilek.ozdilekteyim.MainActivity, appPackage=com.ozdilek.ozdilekteyim, databaseEnabled=false, desired={platformName=android, appActivity=com.ozdilek.ozdilekteyim.MainActivity, appPackage=com.ozdilek.ozdilekteyim, deviceName=emulator-5554, newCommandTimeout=3000}, deviceApiLevel=27, deviceManufacturer=Google, deviceModel=Android SDK built for x86, deviceName=emulator-5554, deviceScreenDensity=440, deviceScreenSize=1080x2280, deviceUDID=emulator-5554, javascriptEnabled=true, locationContextEnabled=false, networkConnectionEnabled=true, newCommandTimeout=3000, pixelRatio=2.75, platform=LINUX, platformName=Android, platformVersion=8.1.0, statBarHeight=66, takesScreenshot=true, viewportRect={left=0, top=66, width=1080, height=2082}, warnings={}, webStorageEnabled=false}] -> xpath: //*[@resource-id='com.ozdilek.ozdilekteyim:id/imageView']], [[io.appium.java_client.android.AndroidDriver, Capabilities: {appActivity=com.ozdilek.ozdilekteyim.MainActivity, appPackage=com.ozdilek.ozdilekteyim, databaseEnabled=false, desired={platformName=android, appActivity=com.ozdilek.ozdilekteyim.MainActivity, appPackage=com.ozdilek.ozdilekteyim, deviceName=emulator-5554, newCommandTimeout=3000}, deviceApiLevel=27, deviceManufacturer=Google, deviceModel=Android SDK built for x86, deviceName=emulator-5554, deviceScreenDensity=440, deviceScreenSize=1080x2280, deviceUDID=emulator-5554, javascriptEnabled=true, locationContextEnabled=false, networkConnectionEnabled=true, newCommandTimeout=3000, pixelRatio=2.75, platform=LINUX, platformName=Android, platformVersion=8.1.0, statBarHeight=66, takesScreenshot=true, viewportRect={left=0, top=66, width=1080, height=2082}, warnings={}, webStorageEnabled=false}] -> xpath: //*[@resource-id='com.ozdilek.ozdilekteyim:id/imageView']], [[io.appium.java_client.android.AndroidDriver, Capabilities: {appActivity=com.ozdilek.ozdilekteyim.MainActivity, appPackage=com.ozdilek.ozdilekteyim, databaseEnabled=false, desired={platformName=android, appActivity=com.ozdilek.ozdilekteyim.MainActivity, appPackage=com.ozdilek.ozdilekteyim, deviceName=emulator-5554, newCommandTimeout=3000}, deviceApiLevel=27, deviceManufacturer=Google, deviceModel=Android SDK built for x86, deviceName=emulator-5554, deviceScreenDensity=440, deviceScreenSize=1080x2280, deviceUDID=emulator-5554, javascriptEnabled=true, locationContextEnabled=false, networkConnectionEnabled=true, newCommandTimeout=3000, pixelRatio=2.75, platform=LINUX, platformName=Android, platformVersion=8.1.0, statBarHeight=66, takesScreenshot=true, viewportRect={left=0, top=66, width=1080, height=2082}, warnings={}, webStorageEnabled=false}] -> xpath: //*[@resource-id='com.ozdilek.ozdilekteyim:id/imageView']], [[io.appium.java_client.android.AndroidDriver, Capabilities: {appActivity=com.ozdilek.ozdilekteyim.MainActivity, appPackage=com.ozdilek.ozdilekteyim, databaseEnabled=false, desired={platformName=android, appActivity=com.ozdilek.ozdilekteyim.MainActivity, appPackage=com.ozdilek.ozdilekteyim, deviceName=emulator-5554, newCommandTimeout=3000}, deviceApiLevel=27, deviceManufacturer=Google, deviceModel=Android SDK built for x86, deviceName=emulator-5554, deviceScreenDensity=440, deviceScreenSize=1080x2280, deviceUDID=emulator-5554, javascriptEnabled=true, locationContextEnabled=false, networkConnectionEnabled=true, newCommandTimeout=3000, pixelRatio=2.75, platform=LINUX, platformName=Android, platformVersion=8.1.0, statBarHeight=66, takesScreenshot=true, viewportRect={left=0, top=66, width=1080, height=2082}, warnings={}, webStorageEnabled=false}] -> xpath: //*[@resource-id='com.ozdilek.ozdilekteyim:id/imageView']], [[io.appium.java_client.android.AndroidDriver, Capabilities: {appActivity=com.ozdilek.ozdilekteyim.MainActivity, appPackage=com.ozdilek.ozdilekteyim, databaseEnabled=false, desired={platformName=android, appActivity=com.ozdilek.ozdilekteyim.MainActivity, appPackage=com.ozdilek.ozdilekteyim, deviceName=emulator-5554, newCommandTimeout=3000}, deviceApiLevel=27, deviceManufacturer=Google, deviceModel=Android SDK built for x86, deviceName=emulator-5554, deviceScreenDensity=440, deviceScreenSize=1080x2280, deviceUDID=emulator-5554, javascriptEnabled=true, locationContextEnabled=false, networkConnectionEnabled=true, newCommandTimeout=3000, pixelRatio=2.75, platform=LINUX, platformName=Android, platformVersion=8.1.0, statBarHeight=66, takesScreenshot=true, viewportRect={left=0, top=66, width=1080, height=2082}, warnings={}, webStorageEnabled=false}] -> xpath: //*[@resource-id='com.ozdilek.ozdilekteyim:id/imageView']]]
element[[io.appium.java_client.android.AndroidDriver, Capabilities: {appActivity=com.ozdilek.ozdilekteyim.MainActivity, appPackage=com.ozdilek.ozdilekteyim, databaseEnabled=false, desired={platformName=android, appActivity=com.ozdilek.ozdilekteyim.MainActivity, appPackage=com.ozdilek.ozdilekteyim, deviceName=emulator-5554, newCommandTimeout=3000}, deviceApiLevel=27, deviceManufacturer=Google, deviceModel=Android SDK built for x86, deviceName=emulator-5554, deviceScreenDensity=440, deviceScreenSize=1080x2280, deviceUDID=emulator-5554, javascriptEnabled=true, locationContextEnabled=false, networkConnectionEnabled=true, newCommandTimeout=3000, pixelRatio=2.75, platform=LINUX, platformName=Android, platformVersion=8.1.0, statBarHeight=66, takesScreenshot=true, viewportRect={left=0, top=66, width=1080, height=2082}, warnings={}, webStorageEnabled=false}] -> xpath: //*[@resource-id='com.ozdilek.ozdilekteyim:id/imageView']]
{"logLevel":"debug","message":"Executing '{} saniye kadar bekle' using 'class BasePage.waitForSeconds"}
{"logLevel":"debug","message":"Executing '{} sepete ekleme yap' using 'class BasePage.AddToCart"}
{"logLevel":"debug","message":"Executing '{} saniye kadar bekle' using 'class BasePage.waitForSeconds"}
{"logLevel":"debug","message":"Killing Java runner..."}
{"logLevel":"debug","message":"Stopping execution pool..."}
{"logLevel":"debug","message":"Shutting down grpc server..."}
{"logLevel":"debug","message":"Runner killed gracefully."}
