{"logLevel":"debug","message":"multithreading is set to false"}
{"logLevel":"debug","message":"Using reflection to scan dependencies for gauge implementations..."}
log4j:WARN No appenders could be found for logger (io.grpc.netty.shaded.io.netty.util.internal.logging.InternalLoggerFactory).
log4j:WARN Please initialize the log4j system properly.
log4j:WARN See http://logging.apache.org/log4j/1.2/faq.html#noconfig for more info.
{"logLevel":"debug","message":"gauge-java took 1037milliseconds to load and scan. This should be less than 'runner_connection_timeout' config value."}
{"logLevel":"debug","message":"run 'gauge config runner_connection_timeout' and verify that it is < 1037"}
{"logLevel":"debug","message":"starting gRPC server..."}
{"logLevel":"debug","message":"started gRPC server on port 53810"}
{"logLevel":"info","message":"Listening on port:53810"}
{"logLevel":"debug","message":"Scanning packages for steps"}
{"logLevel":"debug","message":"Comparing 'BasePage.AppStartCheck' and 'BasePage.AppStartCheck'"}
{"logLevel":"debug","message":"Found {} uygulamanın açıldığını kontrol et in current project scope."}
{"logLevel":"debug","message":"Comparing 'BasePage.waitForSeconds' and 'BasePage.waitForSeconds'"}
{"logLevel":"debug","message":"Found {} saniye kadar bekle in current project scope."}
{"logLevel":"debug","message":"Scanning packages for hooks"}
{"logLevel":"debug","message":"Scanned steps (using static parsing + reflections): "}
{"logLevel":"debug","message":"\t{} saniye kadar bekle : public void waitForSeconds(ınt wait) throws InterruptedException"}
{"logLevel":"debug","message":"\t{} uygulamanın açıldığını kontrol et : public void AppStartCheck(String logoImg)"}
Feb 28, 2022 9:51:24 AM BaseTest Education
INFO: Android testi başlıyor
Feb 28, 2022 9:51:38 AM io.appium.java_client.remote.AppiumCommandExecutor$1 lambda$0
INFO: Detected dialect: W3C
{"logLevel":"debug","message":"Executing '{} saniye kadar bekle' using 'class BasePage.waitForSeconds"}
{"logLevel":"debug","message":"Killing Java runner..."}
{"logLevel":"debug","message":"Stopping execution pool..."}
{"logLevel":"debug","message":"Shutting down grpc server..."}
{"logLevel":"debug","message":"Runner killed gracefully."}
